<?xml version="1.0" encoding="UTF-8"?>
<testsuite xmlns:xsi="http://www.w3.org/2001/XMLSchema-instance" xsi:noNamespaceSchemaLocation="https://maven.apache.org/surefire/maven-surefire-plugin/xsd/surefire-test-report.xsd" name="TestSuite" time="25.983" tests="1" errors="0" skipped="0" failures="0">
  <properties>
    <property name="sun.desktop" value="gnome"/>
    <property name="awt.toolkit" value="sun.awt.X11.XToolkit"/>
    <property name="file.encoding.pkg" value="sun.io"/>
    <property name="java.specification.version" value="1.8"/>
    <property name="sun.cpu.isalist" value=""/>
    <property name="sun.jnu.encoding" value="UTF-8"/>
    <property name="java.class.path" value="/home/akshay/Documents/zerodha/target/test-classes:/home/akshay/Documents/zerodha/target/classes:/home/akshay/.m2/repository/junit/junit/3.8.1/junit-3.8.1.jar:/home/akshay/.m2/repository/io/appium/java-client/5.0.2/java-client-5.0.2.jar:/home/akshay/.m2/repository/org/seleniumhq/selenium/selenium-java/3.5.3/selenium-java-3.5.3.jar:/home/akshay/.m2/repository/org/seleniumhq/selenium/selenium-chrome-driver/3.5.3/selenium-chrome-driver-3.5.3.jar:/home/akshay/.m2/repository/org/seleniumhq/selenium/selenium-edge-driver/3.5.3/selenium-edge-driver-3.5.3.jar:/home/akshay/.m2/repository/org/seleniumhq/selenium/selenium-firefox-driver/3.5.3/selenium-firefox-driver-3.5.3.jar:/home/akshay/.m2/repository/org/seleniumhq/selenium/selenium-ie-driver/3.5.3/selenium-ie-driver-3.5.3.jar:/home/akshay/.m2/repository/org/seleniumhq/selenium/selenium-opera-driver/3.5.3/selenium-opera-driver-3.5.3.jar:/home/akshay/.m2/repository/org/seleniumhq/selenium/selenium-remote-driver/3.5.3/selenium-remote-driver-3.5.3.jar:/home/akshay/.m2/repository/org/seleniumhq/selenium/selenium-safari-driver/3.5.3/selenium-safari-driver-3.5.3.jar:/home/akshay/.m2/repository/cglib/cglib-nodep/3.2.4/cglib-nodep-3.2.4.jar:/home/akshay/.m2/repository/org/apache/commons/commons-exec/1.3/commons-exec-1.3.jar:/home/akshay/.m2/repository/commons-logging/commons-logging/1.2/commons-logging-1.2.jar:/home/akshay/.m2/repository/org/w3c/css/sac/1.3/sac-1.3.jar:/home/akshay/.m2/repository/net/sourceforge/cssparser/cssparser/0.9.23/cssparser-0.9.23.jar:/home/akshay/.m2/repository/com/google/guava/guava/23.0/guava-23.0.jar:/home/akshay/.m2/repository/com/google/code/findbugs/jsr305/1.3.9/jsr305-1.3.9.jar:/home/akshay/.m2/repository/com/google/errorprone/error_prone_annotations/2.0.18/error_prone_annotations-2.0.18.jar:/home/akshay/.m2/repository/com/google/j2objc/j2objc-annotations/1.1/j2objc-annotations-1.1.jar:/home/akshay/.m2/repository/org/codehaus/mojo/animal-sniffer-annotations/1.14/animal-sniffer-annotations-1.14.jar:/home/akshay/.m2/repository/org/hamcrest/hamcrest-core/1.3/hamcrest-core-1.3.jar:/home/akshay/.m2/repository/net/sourceforge/htmlunit/htmlunit/2.27/htmlunit-2.27.jar:/home/akshay/.m2/repository/net/sourceforge/htmlunit/htmlunit-core-js/2.27/htmlunit-core-js-2.27.jar:/home/akshay/.m2/repository/net/sourceforge/htmlunit/neko-htmlunit/2.27/neko-htmlunit-2.27.jar:/home/akshay/.m2/repository/org/apache/httpcomponents/httpcore/4.4.6/httpcore-4.4.6.jar:/home/akshay/.m2/repository/org/apache/httpcomponents/httpmime/4.5.3/httpmime-4.5.3.jar:/home/akshay/.m2/repository/org/eclipse/jetty/jetty-client/9.4.5.v20170502/jetty-client-9.4.5.v20170502.jar:/home/akshay/.m2/repository/org/eclipse/jetty/jetty-http/9.4.5.v20170502/jetty-http-9.4.5.v20170502.jar:/home/akshay/.m2/repository/org/eclipse/jetty/jetty-io/9.4.5.v20170502/jetty-io-9.4.5.v20170502.jar:/home/akshay/.m2/repository/org/eclipse/jetty/jetty-util/9.4.5.v20170502/jetty-util-9.4.5.v20170502.jar:/home/akshay/.m2/repository/net/java/dev/jna/jna/4.1.0/jna-4.1.0.jar:/home/akshay/.m2/repository/net/java/dev/jna/jna-platform/4.1.0/jna-platform-4.1.0.jar:/home/akshay/.m2/repository/com/codeborne/phantomjsdriver/1.4.0/phantomjsdriver-1.4.0.jar:/home/akshay/.m2/repository/org/seleniumhq/selenium/htmlunit-driver/2.27/htmlunit-driver-2.27.jar:/home/akshay/.m2/repository/javax/servlet/javax.servlet-api/3.1.0/javax.servlet-api-3.1.0.jar:/home/akshay/.m2/repository/org/eclipse/jetty/websocket/websocket-api/9.4.5.v20170502/websocket-api-9.4.5.v20170502.jar:/home/akshay/.m2/repository/org/eclipse/jetty/websocket/websocket-client/9.4.5.v20170502/websocket-client-9.4.5.v20170502.jar:/home/akshay/.m2/repository/org/eclipse/jetty/websocket/websocket-common/9.4.5.v20170502/websocket-common-9.4.5.v20170502.jar:/home/akshay/.m2/repository/xalan/serializer/2.7.2/serializer-2.7.2.jar:/home/akshay/.m2/repository/xalan/xalan/2.7.2/xalan-2.7.2.jar:/home/akshay/.m2/repository/xerces/xercesImpl/2.11.0/xercesImpl-2.11.0.jar:/home/akshay/.m2/repository/xml-apis/xml-apis/1.4.01/xml-apis-1.4.01.jar:/home/akshay/.m2/repository/org/seleniumhq/selenium/selenium-support/3.5.3/selenium-support-3.5.3.jar:/home/akshay/.m2/repository/org/seleniumhq/selenium/selenium-api/3.5.3/selenium-api-3.5.3.jar:/home/akshay/.m2/repository/com/google/code/gson/gson/2.8.1/gson-2.8.1.jar:/home/akshay/.m2/repository/org/apache/httpcomponents/httpclient/4.5.3/httpclient-4.5.3.jar:/home/akshay/.m2/repository/cglib/cglib/3.2.5/cglib-3.2.5.jar:/home/akshay/.m2/repository/org/ow2/asm/asm/5.2/asm-5.2.jar:/home/akshay/.m2/repository/org/apache/ant/ant/1.9.6/ant-1.9.6.jar:/home/akshay/.m2/repository/org/apache/ant/ant-launcher/1.9.6/ant-launcher-1.9.6.jar:/home/akshay/.m2/repository/commons-validator/commons-validator/1.6/commons-validator-1.6.jar:/home/akshay/.m2/repository/commons-beanutils/commons-beanutils/1.9.2/commons-beanutils-1.9.2.jar:/home/akshay/.m2/repository/commons-digester/commons-digester/1.8.1/commons-digester-1.8.1.jar:/home/akshay/.m2/repository/commons-collections/commons-collections/3.2.2/commons-collections-3.2.2.jar:/home/akshay/.m2/repository/org/apache/commons/commons-lang3/3.6/commons-lang3-3.6.jar:/home/akshay/.m2/repository/commons-io/commons-io/2.5/commons-io-2.5.jar:/home/akshay/.m2/repository/org/springframework/spring-context/4.3.10.RELEASE/spring-context-4.3.10.RELEASE.jar:/home/akshay/.m2/repository/org/springframework/spring-aop/4.3.10.RELEASE/spring-aop-4.3.10.RELEASE.jar:/home/akshay/.m2/repository/org/springframework/spring-beans/4.3.10.RELEASE/spring-beans-4.3.10.RELEASE.jar:/home/akshay/.m2/repository/org/springframework/spring-core/4.3.10.RELEASE/spring-core-4.3.10.RELEASE.jar:/home/akshay/.m2/repository/org/springframework/spring-expression/4.3.10.RELEASE/spring-expression-4.3.10.RELEASE.jar:/home/akshay/.m2/repository/org/aspectj/aspectjweaver/1.8.10/aspectjweaver-1.8.10.jar:/home/akshay/.m2/repository/org/openpnp/opencv/3.2.0-1/opencv-3.2.0-1.jar:/home/akshay/.m2/repository/org/testng/testng/6.8/testng-6.8.jar:/home/akshay/.m2/repository/org/beanshell/bsh/2.0b4/bsh-2.0b4.jar:/home/akshay/.m2/repository/com/beust/jcommander/1.27/jcommander-1.27.jar:/home/akshay/.m2/repository/org/yaml/snakeyaml/1.6/snakeyaml-1.6.jar:/home/akshay/.m2/repository/org/apache/poi/poi/3.17/poi-3.17.jar:/home/akshay/.m2/repository/commons-codec/commons-codec/1.10/commons-codec-1.10.jar:/home/akshay/.m2/repository/org/apache/commons/commons-collections4/4.1/commons-collections4-4.1.jar:/home/akshay/.m2/repository/org/apache/poi/poi-ooxml/3.17/poi-ooxml-3.17.jar:/home/akshay/.m2/repository/org/apache/poi/poi-ooxml-schemas/3.17/poi-ooxml-schemas-3.17.jar:/home/akshay/.m2/repository/org/apache/xmlbeans/xmlbeans/2.6.0/xmlbeans-2.6.0.jar:/home/akshay/.m2/repository/stax/stax-api/1.0.1/stax-api-1.0.1.jar:/home/akshay/.m2/repository/com/github/virtuald/curvesapi/1.04/curvesapi-1.04.jar:/home/akshay/.m2/repository/org/apache/maven/surefire/surefire-testng-utils/2.20.1/surefire-testng-utils-2.20.1.jar:/home/akshay/.m2/repository/org/apache/maven/surefire/surefire-grouper/2.20.1/surefire-grouper-2.20.1.jar:"/>
    <property name="java.vm.vendor" value="Oracle Corporation"/>
    <property name="sun.arch.data.model" value="64"/>
    <property name="java.vendor.url" value="http://java.oracle.com/"/>
    <property name="user.timezone" value=""/>
    <property name="java.vm.specification.version" value="1.8"/>
    <property name="os.name" value="Linux"/>
    <property name="user.country" value="IN"/>
    <property name="sun.java.launcher" value="SUN_STANDARD"/>
    <property name="sun.boot.library.path" value="/usr/lib/jvm/java-8-openjdk-amd64/jre/lib/amd64"/>
    <property name="sun.java.command" value="/home/akshay/Documents/zerodha/target/surefire/surefirebooter7193215308715515651.jar /home/akshay/Documents/zerodha/target/surefire 2018-04-02T19-18-47_122-jvmRun1 surefire7791863794827605158tmp surefire_08129200433166904320tmp"/>
    <property name="surefire.test.class.path" value="/home/akshay/Documents/zerodha/target/test-classes:/home/akshay/Documents/zerodha/target/classes:/home/akshay/.m2/repository/junit/junit/3.8.1/junit-3.8.1.jar:/home/akshay/.m2/repository/io/appium/java-client/5.0.2/java-client-5.0.2.jar:/home/akshay/.m2/repository/org/seleniumhq/selenium/selenium-java/3.5.3/selenium-java-3.5.3.jar:/home/akshay/.m2/repository/org/seleniumhq/selenium/selenium-chrome-driver/3.5.3/selenium-chrome-driver-3.5.3.jar:/home/akshay/.m2/repository/org/seleniumhq/selenium/selenium-edge-driver/3.5.3/selenium-edge-driver-3.5.3.jar:/home/akshay/.m2/repository/org/seleniumhq/selenium/selenium-firefox-driver/3.5.3/selenium-firefox-driver-3.5.3.jar:/home/akshay/.m2/repository/org/seleniumhq/selenium/selenium-ie-driver/3.5.3/selenium-ie-driver-3.5.3.jar:/home/akshay/.m2/repository/org/seleniumhq/selenium/selenium-opera-driver/3.5.3/selenium-opera-driver-3.5.3.jar:/home/akshay/.m2/repository/org/seleniumhq/selenium/selenium-remote-driver/3.5.3/selenium-remote-driver-3.5.3.jar:/home/akshay/.m2/repository/org/seleniumhq/selenium/selenium-safari-driver/3.5.3/selenium-safari-driver-3.5.3.jar:/home/akshay/.m2/repository/cglib/cglib-nodep/3.2.4/cglib-nodep-3.2.4.jar:/home/akshay/.m2/repository/org/apache/commons/commons-exec/1.3/commons-exec-1.3.jar:/home/akshay/.m2/repository/commons-logging/commons-logging/1.2/commons-logging-1.2.jar:/home/akshay/.m2/repository/org/w3c/css/sac/1.3/sac-1.3.jar:/home/akshay/.m2/repository/net/sourceforge/cssparser/cssparser/0.9.23/cssparser-0.9.23.jar:/home/akshay/.m2/repository/com/google/guava/guava/23.0/guava-23.0.jar:/home/akshay/.m2/repository/com/google/code/findbugs/jsr305/1.3.9/jsr305-1.3.9.jar:/home/akshay/.m2/repository/com/google/errorprone/error_prone_annotations/2.0.18/error_prone_annotations-2.0.18.jar:/home/akshay/.m2/repository/com/google/j2objc/j2objc-annotations/1.1/j2objc-annotations-1.1.jar:/home/akshay/.m2/repository/org/codehaus/mojo/animal-sniffer-annotations/1.14/animal-sniffer-annotations-1.14.jar:/home/akshay/.m2/repository/org/hamcrest/hamcrest-core/1.3/hamcrest-core-1.3.jar:/home/akshay/.m2/repository/net/sourceforge/htmlunit/htmlunit/2.27/htmlunit-2.27.jar:/home/akshay/.m2/repository/net/sourceforge/htmlunit/htmlunit-core-js/2.27/htmlunit-core-js-2.27.jar:/home/akshay/.m2/repository/net/sourceforge/htmlunit/neko-htmlunit/2.27/neko-htmlunit-2.27.jar:/home/akshay/.m2/repository/org/apache/httpcomponents/httpcore/4.4.6/httpcore-4.4.6.jar:/home/akshay/.m2/repository/org/apache/httpcomponents/httpmime/4.5.3/httpmime-4.5.3.jar:/home/akshay/.m2/repository/org/eclipse/jetty/jetty-client/9.4.5.v20170502/jetty-client-9.4.5.v20170502.jar:/home/akshay/.m2/repository/org/eclipse/jetty/jetty-http/9.4.5.v20170502/jetty-http-9.4.5.v20170502.jar:/home/akshay/.m2/repository/org/eclipse/jetty/jetty-io/9.4.5.v20170502/jetty-io-9.4.5.v20170502.jar:/home/akshay/.m2/repository/org/eclipse/jetty/jetty-util/9.4.5.v20170502/jetty-util-9.4.5.v20170502.jar:/home/akshay/.m2/repository/net/java/dev/jna/jna/4.1.0/jna-4.1.0.jar:/home/akshay/.m2/repository/net/java/dev/jna/jna-platform/4.1.0/jna-platform-4.1.0.jar:/home/akshay/.m2/repository/com/codeborne/phantomjsdriver/1.4.0/phantomjsdriver-1.4.0.jar:/home/akshay/.m2/repository/org/seleniumhq/selenium/htmlunit-driver/2.27/htmlunit-driver-2.27.jar:/home/akshay/.m2/repository/javax/servlet/javax.servlet-api/3.1.0/javax.servlet-api-3.1.0.jar:/home/akshay/.m2/repository/org/eclipse/jetty/websocket/websocket-api/9.4.5.v20170502/websocket-api-9.4.5.v20170502.jar:/home/akshay/.m2/repository/org/eclipse/jetty/websocket/websocket-client/9.4.5.v20170502/websocket-client-9.4.5.v20170502.jar:/home/akshay/.m2/repository/org/eclipse/jetty/websocket/websocket-common/9.4.5.v20170502/websocket-common-9.4.5.v20170502.jar:/home/akshay/.m2/repository/xalan/serializer/2.7.2/serializer-2.7.2.jar:/home/akshay/.m2/repository/xalan/xalan/2.7.2/xalan-2.7.2.jar:/home/akshay/.m2/repository/xerces/xercesImpl/2.11.0/xercesImpl-2.11.0.jar:/home/akshay/.m2/repository/xml-apis/xml-apis/1.4.01/xml-apis-1.4.01.jar:/home/akshay/.m2/repository/org/seleniumhq/selenium/selenium-support/3.5.3/selenium-support-3.5.3.jar:/home/akshay/.m2/repository/org/seleniumhq/selenium/selenium-api/3.5.3/selenium-api-3.5.3.jar:/home/akshay/.m2/repository/com/google/code/gson/gson/2.8.1/gson-2.8.1.jar:/home/akshay/.m2/repository/org/apache/httpcomponents/httpclient/4.5.3/httpclient-4.5.3.jar:/home/akshay/.m2/repository/cglib/cglib/3.2.5/cglib-3.2.5.jar:/home/akshay/.m2/repository/org/ow2/asm/asm/5.2/asm-5.2.jar:/home/akshay/.m2/repository/org/apache/ant/ant/1.9.6/ant-1.9.6.jar:/home/akshay/.m2/repository/org/apache/ant/ant-launcher/1.9.6/ant-launcher-1.9.6.jar:/home/akshay/.m2/repository/commons-validator/commons-validator/1.6/commons-validator-1.6.jar:/home/akshay/.m2/repository/commons-beanutils/commons-beanutils/1.9.2/commons-beanutils-1.9.2.jar:/home/akshay/.m2/repository/commons-digester/commons-digester/1.8.1/commons-digester-1.8.1.jar:/home/akshay/.m2/repository/commons-collections/commons-collections/3.2.2/commons-collections-3.2.2.jar:/home/akshay/.m2/repository/org/apache/commons/commons-lang3/3.6/commons-lang3-3.6.jar:/home/akshay/.m2/repository/commons-io/commons-io/2.5/commons-io-2.5.jar:/home/akshay/.m2/repository/org/springframework/spring-context/4.3.10.RELEASE/spring-context-4.3.10.RELEASE.jar:/home/akshay/.m2/repository/org/springframework/spring-aop/4.3.10.RELEASE/spring-aop-4.3.10.RELEASE.jar:/home/akshay/.m2/repository/org/springframework/spring-beans/4.3.10.RELEASE/spring-beans-4.3.10.RELEASE.jar:/home/akshay/.m2/repository/org/springframework/spring-core/4.3.10.RELEASE/spring-core-4.3.10.RELEASE.jar:/home/akshay/.m2/repository/org/springframework/spring-expression/4.3.10.RELEASE/spring-expression-4.3.10.RELEASE.jar:/home/akshay/.m2/repository/org/aspectj/aspectjweaver/1.8.10/aspectjweaver-1.8.10.jar:/home/akshay/.m2/repository/org/openpnp/opencv/3.2.0-1/opencv-3.2.0-1.jar:/home/akshay/.m2/repository/org/testng/testng/6.8/testng-6.8.jar:/home/akshay/.m2/repository/org/beanshell/bsh/2.0b4/bsh-2.0b4.jar:/home/akshay/.m2/repository/com/beust/jcommander/1.27/jcommander-1.27.jar:/home/akshay/.m2/repository/org/yaml/snakeyaml/1.6/snakeyaml-1.6.jar:/home/akshay/.m2/repository/org/apache/poi/poi/3.17/poi-3.17.jar:/home/akshay/.m2/repository/commons-codec/commons-codec/1.10/commons-codec-1.10.jar:/home/akshay/.m2/repository/org/apache/commons/commons-collections4/4.1/commons-collections4-4.1.jar:/home/akshay/.m2/repository/org/apache/poi/poi-ooxml/3.17/poi-ooxml-3.17.jar:/home/akshay/.m2/repository/org/apache/poi/poi-ooxml-schemas/3.17/poi-ooxml-schemas-3.17.jar:/home/akshay/.m2/repository/org/apache/xmlbeans/xmlbeans/2.6.0/xmlbeans-2.6.0.jar:/home/akshay/.m2/repository/stax/stax-api/1.0.1/stax-api-1.0.1.jar:/home/akshay/.m2/repository/com/github/virtuald/curvesapi/1.04/curvesapi-1.04.jar:/home/akshay/.m2/repository/org/apache/maven/surefire/surefire-testng-utils/2.20.1/surefire-testng-utils-2.20.1.jar:/home/akshay/.m2/repository/org/apache/maven/surefire/surefire-grouper/2.20.1/surefire-grouper-2.20.1.jar:"/>
    <property name="sun.cpu.endian" value="little"/>
    <property name="user.home" value="/home/akshay"/>
    <property name="user.language" value="en"/>
    <property name="java.specification.vendor" value="Oracle Corporation"/>
    <property name="java.home" value="/usr/lib/jvm/java-8-openjdk-amd64/jre"/>
    <property name="basedir" value="/home/akshay/Documents/zerodha"/>
    <property name="file.separator" value="/"/>
    <property name="line.separator" value="&#10;"/>
    <property name="java.vm.specification.vendor" value="Oracle Corporation"/>
    <property name="java.specification.name" value="Java Platform API Specification"/>
    <property name="java.awt.graphicsenv" value="sun.awt.X11GraphicsEnvironment"/>
    <property name="surefire.real.class.path" value="/home/akshay/Documents/zerodha/target/surefire/surefirebooter7193215308715515651.jar"/>
    <property name="sun.boot.class.path" value="/usr/lib/jvm/java-8-openjdk-amd64/jre/lib/resources.jar:/usr/lib/jvm/java-8-openjdk-amd64/jre/lib/rt.jar:/usr/lib/jvm/java-8-openjdk-amd64/jre/lib/sunrsasign.jar:/usr/lib/jvm/java-8-openjdk-amd64/jre/lib/jsse.jar:/usr/lib/jvm/java-8-openjdk-amd64/jre/lib/jce.jar:/usr/lib/jvm/java-8-openjdk-amd64/jre/lib/charsets.jar:/usr/lib/jvm/java-8-openjdk-amd64/jre/lib/jfr.jar:/usr/lib/jvm/java-8-openjdk-amd64/jre/classes"/>
    <property name="sun.management.compiler" value="HotSpot 64-Bit Tiered Compilers"/>
    <property name="java.runtime.version" value="1.8.0_151-8u151-b12-0ubuntu0.16.04.2-b12"/>
    <property name="user.name" value="akshay"/>
    <property name="path.separator" value=":"/>
    <property name="os.version" value="4.4.0-36-generic"/>
    <property name="java.endorsed.dirs" value="/usr/lib/jvm/java-8-openjdk-amd64/jre/lib/endorsed"/>
    <property name="java.runtime.name" value="OpenJDK Runtime Environment"/>
    <property name="file.encoding" value="UTF-8"/>
    <property name="java.vm.name" value="OpenJDK 64-Bit Server VM"/>
    <property name="localRepository" value="/home/akshay/.m2/repository"/>
    <property name="java.vendor.url.bug" value="http://bugreport.sun.com/bugreport/"/>
    <property name="java.io.tmpdir" value="/tmp"/>
    <property name="java.version" value="1.8.0_151"/>
    <property name="user.dir" value="/home/akshay/Documents/zerodha"/>
    <property name="os.arch" value="amd64"/>
    <property name="java.vm.specification.name" value="Java Virtual Machine Specification"/>
    <property name="java.awt.printerjob" value="sun.print.PSPrinterJob"/>
    <property name="sun.os.patch.level" value="unknown"/>
    <property name="java.library.path" value="/usr/java/packages/lib/amd64:/usr/lib/x86_64-linux-gnu/jni:/lib/x86_64-linux-gnu:/usr/lib/x86_64-linux-gnu:/usr/lib/jni:/lib:/usr/lib"/>
    <property name="java.vm.info" value="mixed mode"/>
    <property name="java.vendor" value="Oracle Corporation"/>
    <property name="java.vm.version" value="25.151-b12"/>
    <property name="java.ext.dirs" value="/usr/lib/jvm/java-8-openjdk-amd64/jre/lib/ext:/usr/java/packages/lib/ext"/>
    <property name="sun.io.unicode.encoding" value="UnicodeLittle"/>
    <property name="java.class.version" value="52.0"/>
  </properties>
  <testcase name="Login" classname="LoginZerodha.Zerodha.ZerodhaXelpmoc" time="25.801"/>
</testsuite>