<?xml version="1.0" encoding="UTF-8"?>
<!-- Generated by org.testng.reporters.JUnitReportReporter -->
<testsuite hostname="akshay-OptiPlex-3050" name="LoginZerodha.Zerodha.ZerodhaXelpmoc" tests="1" failures="0" timestamp="2 Apr 2018 13:49:13 GMT" time="25.801" errors="0">
  <testcase name="Login" time="25.801" classname="LoginZerodha.Zerodha.ZerodhaXelpmoc"/>
</testsuite> <!-- LoginZerodha.Zerodha.ZerodhaXelpmoc -->
